#
# There is insufficient memory for the Java Runtime Environment to continue.
# Native memory allocation (malloc) failed to allocate 32744 bytes for ChunkPool::allocate
# Possible reasons:
#   The system is out of physical RAM or swap space
#   The process is running with CompressedOops enabled, and the Java Heap may be blocking the growth of the native heap
# Possible solutions:
#   Reduce memory load on the system
#   Increase physical memory or swap space
#   Check if swap backing store is full
#   Decrease Java heap size (-Xmx/-Xms)
#   Decrease number of Java threads
#   Decrease Java thread stack sizes (-Xss)
#   Set larger code cache with -XX:ReservedCodeCacheSize=
#   JVM is running with Zero Based Compressed Oops mode in which the Java heap is
#     placed in the first 32GB address space. The Java Heap base address is the
#     maximum limit for the native heap growth. Please use -XX:HeapBaseMinAddress
#     to set the Java Heap base and to place the Java Heap above 32GB virtual address.
# This output file may be truncated or incomplete.
#
#  Out of Memory Error (./open/src/hotspot/share/memory/arena.cpp:81), pid=27364, tid=27368
#
# JRE version: Java(TM) SE Runtime Environment 18.9 (11.0.12+8) (build 11.0.12+8-LTS-237)
# Java VM: Java HotSpot(TM) 64-Bit Server VM 18.9 (11.0.12+8-LTS-237, mixed mode, tiered, compressed oops, g1 gc, windows-amd64)
# No core dump will be written. Minidumps are not enabled by default on client versions of Windows
#

---------------  S U M M A R Y ------------

Command Line: -agentlib:jdwp=transport=dt_socket,address=127.0.0.1:60694,suspend=y,server=n -javaagent:C:\Users\vmo\AppData\Local\JetBrains\IdeaIC2022.2\captureAgent\debugger-agent.jar -Dfile.encoding=UTF-8 com.example.api_translation.ApiTranslationApplication

Host: AMD Ryzen 3 3200G with Radeon Vega Graphics    , 4 cores, 13G,  Windows 10 , 64 bit Build 19041 (10.0.19041.2251)
Time: Mon Dec  5 15:24:31 2022 SE Asia Standard Time elapsed time: 3939.186259 seconds (0d 1h 5m 39s)

---------------  T H R E A D  ---------------

Current thread (0x00000232252ff000):  JavaThread "C2 CompilerThread0" daemon [_thread_in_native, id=27368, stack(0x000000b658f00000,0x000000b659000000)]


Current CompileTask:
C2:3939186 6606   !   4       java.util.concurrent.ThreadPoolExecutor::getTask (177 bytes)

Stack: [0x000000b658f00000,0x000000b659000000]
Native frames: (J=compiled Java code, j=interpreted, Vv=VM code, C=native code)
V  [jvm.dll+0x617d9a]
V  [jvm.dll+0x74eeef]
V  [jvm.dll+0x750599]
V  [jvm.dll+0x750c23]
V  [jvm.dll+0x2438d8]
V  [jvm.dll+0xba93b]
V  [jvm.dll+0xbac9c]
V  [jvm.dll+0x5f935d]
V  [jvm.dll+0x82b9c]
V  [jvm.dll+0x5aefd8]
V  [jvm.dll+0x5ad86e]
V  [jvm.dll+0x1fcfa7]
V  [jvm.dll+0x1fc2ed]
V  [jvm.dll+0x17f18c]
V  [jvm.dll+0x20b87c]
V  [jvm.dll+0x20997b]
V  [jvm.dll+0x716359]
V  [jvm.dll+0x70f064]
V  [jvm.dll+0x616f66]
C  [ucrtbase.dll+0x21bb2]
C  [KERNEL32.DLL+0x174b4]
C  [ntdll.dll+0x526a1]


---------------  P R O C E S S  ---------------

Threads class SMR info:
_java_thread_list=0x00000232272258b0, length=32, elements={
0x0000023225280800, 0x0000023225281000, 0x00000232252f6800, 0x00000232252f7800,
0x00000232252f9000, 0x00000232252ff000, 0x0000023225310000, 0x0000023225373800,
0x0000023224a37800, 0x0000023225644800, 0x0000023225645000, 0x00000232255b0000,
0x00000232285aa800, 0x00000232291be000, 0x000002322687e000, 0x00000232291ea800,
0x0000023226d58800, 0x0000023226bc8800, 0x0000023229e03800, 0x000002322b1fd000,
0x000002322b1ff000, 0x000002322b1ff800, 0x000002322b1fe000, 0x000002322b200800,
0x000002322b1fa800, 0x000002322b201000, 0x000002322b1fb800, 0x000002322b1fc800,
0x000002322c050000, 0x000002322c04b800, 0x000002322c051800, 0x000002322c04d800
}

Java Threads: ( => current thread )
  0x0000023225280800 JavaThread "Reference Handler" daemon [_thread_blocked, id=16928, stack(0x000000b658a00000,0x000000b658b00000)]
  0x0000023225281000 JavaThread "Finalizer" daemon [_thread_blocked, id=6548, stack(0x000000b658b00000,0x000000b658c00000)]
  0x00000232252f6800 JavaThread "Signal Dispatcher" daemon [_thread_blocked, id=23204, stack(0x000000b658c00000,0x000000b658d00000)]
  0x00000232252f7800 JavaThread "Attach Listener" daemon [_thread_blocked, id=26968, stack(0x000000b658d00000,0x000000b658e00000)]
  0x00000232252f9000 JavaThread "Service Thread" daemon [_thread_blocked, id=22200, stack(0x000000b658e00000,0x000000b658f00000)]
=>0x00000232252ff000 JavaThread "C2 CompilerThread0" daemon [_thread_in_native, id=27368, stack(0x000000b658f00000,0x000000b659000000)]
  0x0000023225310000 JavaThread "C1 CompilerThread0" daemon [_thread_blocked, id=13088, stack(0x000000b659000000,0x000000b659100000)]
  0x0000023225373800 JavaThread "Sweeper thread" daemon [_thread_blocked, id=30492, stack(0x000000b659100000,0x000000b659200000)]
  0x0000023224a37800 JavaThread "Common-Cleaner" daemon [_thread_blocked, id=10712, stack(0x000000b659200000,0x000000b659300000)]
  0x0000023225644800 JavaThread "JDWP Transport Listener: dt_socket" daemon [_thread_blocked, id=23560, stack(0x000000b659300000,0x000000b659400000)]
  0x0000023225645000 JavaThread "JDWP Event Helper Thread" daemon [_thread_blocked, id=28744, stack(0x000000b659400000,0x000000b659500000)]
  0x00000232255b0000 JavaThread "JDWP Command Reader" daemon [_thread_in_native, id=20088, stack(0x000000b659500000,0x000000b659600000)]
  0x00000232285aa800 JavaThread "Catalina-utility-1" [_thread_blocked, id=23368, stack(0x000000b659b00000,0x000000b659c00000)]
  0x00000232291be000 JavaThread "Catalina-utility-2" [_thread_blocked, id=18752, stack(0x000000b659c00000,0x000000b659d00000)]
  0x000002322687e000 JavaThread "container-0" [_thread_blocked, id=7224, stack(0x000000b659d00000,0x000000b659e00000)]
  0x00000232291ea800 JavaThread "BufferPoolPruner-1-thread-1" daemon [_thread_blocked, id=7100, stack(0x000000b659700000,0x000000b659800000)]
  0x0000023226d58800 JavaThread "cluster-ClusterId{value='638d9b61008d6d561bec3e2b', description='null'}-localhost:27017" daemon [_thread_blocked, id=6552, stack(0x000000b659e00000,0x000000b659f00000)]
  0x0000023226bc8800 JavaThread "cluster-rtt-ClusterId{value='638d9b61008d6d561bec3e2b', description='null'}-localhost:27017" daemon [_thread_blocked, id=22280, stack(0x000000b659f00000,0x000000b65a000000)]
  0x0000023229e03800 JavaThread "MaintenanceTimer-2-thread-1" daemon [_thread_blocked, id=8380, stack(0x000000b65a200000,0x000000b65a300000)]
  0x000002322b1fd000 JavaThread "http-nio-8080-exec-1" daemon [_thread_blocked, id=20064, stack(0x000000b65a300000,0x000000b65a400000)]
  0x000002322b1ff000 JavaThread "http-nio-8080-exec-2" daemon [_thread_blocked, id=27116, stack(0x000000b65a400000,0x000000b65a500000)]
  0x000002322b1ff800 JavaThread "http-nio-8080-exec-3" daemon [_thread_blocked, id=17732, stack(0x000000b65a500000,0x000000b65a600000)]
  0x000002322b1fe000 JavaThread "http-nio-8080-exec-4" daemon [_thread_blocked, id=10564, stack(0x000000b65a600000,0x000000b65a700000)]
  0x000002322b200800 JavaThread "http-nio-8080-exec-5" daemon [_thread_blocked, id=21804, stack(0x000000b65a700000,0x000000b65a800000)]
  0x000002322b1fa800 JavaThread "http-nio-8080-exec-6" daemon [_thread_blocked, id=21452, stack(0x000000b65a800000,0x000000b65a900000)]
  0x000002322b201000 JavaThread "http-nio-8080-exec-7" daemon [_thread_blocked, id=29644, stack(0x000000b65a900000,0x000000b65aa00000)]
  0x000002322b1fb800 JavaThread "http-nio-8080-exec-8" daemon [_thread_blocked, id=20460, stack(0x000000b65aa00000,0x000000b65ab00000)]
  0x000002322b1fc800 JavaThread "http-nio-8080-exec-9" daemon [_thread_blocked, id=4972, stack(0x000000b65ab00000,0x000000b65ac00000)]
  0x000002322c050000 JavaThread "http-nio-8080-exec-10" daemon [_thread_blocked, id=21632, stack(0x000000b65ac00000,0x000000b65ad00000)]
  0x000002322c04b800 JavaThread "http-nio-8080-Poller" daemon [_thread_in_native, id=12344, stack(0x000000b65ad00000,0x000000b65ae00000)]
  0x000002322c051800 JavaThread "http-nio-8080-Acceptor" daemon [_thread_in_native, id=584, stack(0x000000b65ae00000,0x000000b65af00000)]
  0x000002322c04d800 JavaThread "DestroyJavaVM" [_thread_blocked, id=18888, stack(0x000000b658300000,0x000000b658400000)]

Other Threads:
  0x000002322527c800 VMThread "VM Thread" [stack: 0x000000b658900000,0x000000b658a00000] [id=18388]
  0x00000232255b1000 WatcherThread [stack: 0x000000b659600000,0x000000b659700000] [id=1296]
  0x0000023202be9000 GCTaskThread "GC Thread#0" [stack: 0x000000b658400000,0x000000b658500000] [id=11796]
  0x0000023225f5e000 GCTaskThread "GC Thread#1" [stack: 0x000000b659800000,0x000000b659900000] [id=29804]
  0x0000023225d1b000 GCTaskThread "GC Thread#2" [stack: 0x000000b659900000,0x000000b659a00000] [id=15028]
  0x0000023225d1b800 GCTaskThread "GC Thread#3" [stack: 0x000000b659a00000,0x000000b659b00000] [id=6156]
  0x0000023202c3a000 ConcurrentGCThread "G1 Main Marker" [stack: 0x000000b658500000,0x000000b658600000] [id=3048]
  0x0000023202c3b000 ConcurrentGCThread "G1 Conc#0" [stack: 0x000000b658600000,0x000000b658700000] [id=13008]
  0x0000023202cae800 ConcurrentGCThread "G1 Refine#0" [stack: 0x000000b658700000,0x000000b658800000] [id=26516]
  0x00000232248dd800 ConcurrentGCThread "G1 Young RemSet Sampling" [stack: 0x000000b658800000,0x000000b658900000] [id=29256]

Threads with active compile tasks:
C2 CompilerThread03939221 6606   !   4       java.util.concurrent.ThreadPoolExecutor::getTask (177 bytes)

VM state:not at safepoint (normal execution)

VM Mutex/Monitor currently owned by a thread: None

Heap address: 0x0000000720c00000, size: 3572 MB, Compressed Oops mode: Zero based, Oop shift amount: 3
Narrow klass base: 0x0000000800000000, Narrow klass shift: 0
Compressed class space size: 1073741824 Address: 0x0000000800000000

Heap:
 garbage-first heap   total 275456K, used 123225K [0x0000000720c00000, 0x0000000800000000)
  region size 1024K, 114 young (116736K), 12 survivors (12288K)
 Metaspace       used 57332K, capacity 59045K, committed 59264K, reserved 1101824K
  class space    used 6810K, capacity 7497K, committed 7552K, reserved 1048576K
Heap Regions: E=young(eden), S=young(survivor), O=old, HS=humongous(starts), HC=humongous(continues), CS=collection set, F=free, A=archive, TAMS=top-at-mark-start (previous, next)
|   0|0x0000000720c00000, 0x0000000720d00000, 0x0000000720d00000|100%| O|  |TAMS 0x0000000720d00000, 0x0000000720c00000| Untracked 
|   1|0x0000000720d00000, 0x0000000720e00000, 0x0000000720e00000|100%| O|  |TAMS 0x0000000720e00000, 0x0000000720d00000| Untracked 
|   2|0x0000000720e00000, 0x0000000720f00000, 0x0000000720f00000|100%| O|  |TAMS 0x0000000720f00000, 0x0000000720e00000| Untracked 
|   3|0x0000000720f00000, 0x0000000721000000, 0x0000000721000000|100%| O|  |TAMS 0x0000000721000000, 0x0000000720f00000| Untracked 
|   4|0x0000000721000000, 0x0000000721100000, 0x0000000721100000|100%| O|  |TAMS 0x00000007210c4000, 0x0000000721000000| Untracked 
|   5|0x0000000721100000, 0x0000000721200000, 0x0000000721200000|100%| O|  |TAMS 0x0000000721100000, 0x0000000721100000| Untracked 
|   6|0x0000000721200000, 0x0000000721300000, 0x0000000721300000|100%| O|  |TAMS 0x0000000721200000, 0x0000000721200000| Untracked 
|   7|0x0000000721300000, 0x0000000721400000, 0x0000000721400000|100%| O|  |TAMS 0x0000000721300000, 0x0000000721300000| Untracked 
|   8|0x0000000721400000, 0x0000000721456600, 0x0000000721500000| 33%| O|  |TAMS 0x0000000721400000, 0x0000000721400000| Untracked 
|   9|0x0000000721500000, 0x0000000721500000, 0x0000000721600000|  0%| F|  |TAMS 0x0000000721500000, 0x0000000721500000| Untracked 
|  10|0x0000000721600000, 0x0000000721600000, 0x0000000721700000|  0%| F|  |TAMS 0x0000000721600000, 0x0000000721600000| Untracked 
|  11|0x0000000721700000, 0x0000000721700000, 0x0000000721800000|  0%| F|  |TAMS 0x0000000721700000, 0x0000000721700000| Untracked 
|  12|0x0000000721800000, 0x0000000721800000, 0x0000000721900000|  0%| F|  |TAMS 0x0000000721800000, 0x0000000721800000| Untracked 
|  13|0x0000000721900000, 0x0000000721900000, 0x0000000721a00000|  0%| F|  |TAMS 0x0000000721900000, 0x0000000721900000| Untracked 
|  14|0x0000000721a00000, 0x0000000721a00000, 0x0000000721b00000|  0%| F|  |TAMS 0x0000000721a00000, 0x0000000721a00000| Untracked 
|  15|0x0000000721b00000, 0x0000000721b00000, 0x0000000721c00000|  0%| F|  |TAMS 0x0000000721b00000, 0x0000000721b00000| Untracked 
|  16|0x0000000721c00000, 0x0000000721c00000, 0x0000000721d00000|  0%| F|  |TAMS 0x0000000721c00000, 0x0000000721c00000| Untracked 
|  17|0x0000000721d00000, 0x0000000721d00000, 0x0000000721e00000|  0%| F|  |TAMS 0x0000000721d00000, 0x0000000721d00000| Untracked 
|  18|0x0000000721e00000, 0x0000000721e00000, 0x0000000721f00000|  0%| F|  |TAMS 0x0000000721e00000, 0x0000000721e00000| Untracked 
|  19|0x0000000721f00000, 0x0000000721f00000, 0x0000000722000000|  0%| F|  |TAMS 0x0000000721f00000, 0x0000000721f00000| Untracked 
|  20|0x0000000722000000, 0x0000000722000000, 0x0000000722100000|  0%| F|  |TAMS 0x0000000722000000, 0x0000000722000000| Untracked 
|  21|0x0000000722100000, 0x0000000722100000, 0x0000000722200000|  0%| F|  |TAMS 0x0000000722100000, 0x0000000722100000| Untracked 
|  22|0x0000000722200000, 0x0000000722200000, 0x0000000722300000|  0%| F|  |TAMS 0x0000000722200000, 0x0000000722200000| Untracked 
|  23|0x0000000722300000, 0x0000000722300000, 0x0000000722400000|  0%| F|  |TAMS 0x0000000722300000, 0x0000000722300000| Untracked 
|  24|0x0000000722400000, 0x0000000722400000, 0x0000000722500000|  0%| F|  |TAMS 0x0000000722400000, 0x0000000722400000| Untracked 
|  25|0x0000000722500000, 0x0000000722500000, 0x0000000722600000|  0%| F|  |TAMS 0x0000000722500000, 0x0000000722500000| Untracked 
|  26|0x0000000722600000, 0x0000000722600000, 0x0000000722700000|  0%| F|  |TAMS 0x0000000722600000, 0x0000000722600000| Untracked 
|  27|0x0000000722700000, 0x0000000722700000, 0x0000000722800000|  0%| F|  |TAMS 0x0000000722700000, 0x0000000722700000| Untracked 
|  28|0x0000000722800000, 0x0000000722800000, 0x0000000722900000|  0%| F|  |TAMS 0x0000000722800000, 0x0000000722800000| Untracked 
|  29|0x0000000722900000, 0x0000000722900000, 0x0000000722a00000|  0%| F|  |TAMS 0x0000000722900000, 0x0000000722900000| Untracked 
|  30|0x0000000722a00000, 0x0000000722a00000, 0x0000000722b00000|  0%| F|  |TAMS 0x0000000722a00000, 0x0000000722a00000| Untracked 
|  31|0x0000000722b00000, 0x0000000722b00000, 0x0000000722c00000|  0%| F|  |TAMS 0x0000000722b00000, 0x0000000722b00000| Untracked 
|  32|0x0000000722c00000, 0x0000000722c00000, 0x0000000722d00000|  0%| F|  |TAMS 0x0000000722c00000, 0x0000000722c00000| Untracked 
|  33|0x0000000722d00000, 0x0000000722d00000, 0x0000000722e00000|  0%| F|  |TAMS 0x0000000722d00000, 0x0000000722d00000| Untracked 
|  34|0x0000000722e00000, 0x0000000722e00000, 0x0000000722f00000|  0%| F|  |TAMS 0x0000000722e00000, 0x0000000722e00000| Untracked 
|  35|0x0000000722f00000, 0x0000000722f00000, 0x0000000723000000|  0%| F|  |TAMS 0x0000000722f00000, 0x0000000722f00000| Untracked 
|  36|0x0000000723000000, 0x0000000723000000, 0x0000000723100000|  0%| F|  |TAMS 0x0000000723000000, 0x0000000723000000| Untracked 
|  37|0x0000000723100000, 0x0000000723100000, 0x0000000723200000|  0%| F|  |TAMS 0x0000000723100000, 0x0000000723100000| Untracked 
|  38|0x0000000723200000, 0x0000000723200000, 0x0000000723300000|  0%| F|  |TAMS 0x0000000723200000, 0x0000000723200000| Untracked 
|  39|0x0000000723300000, 0x0000000723300000, 0x0000000723400000|  0%| F|  |TAMS 0x0000000723300000, 0x0000000723300000| Untracked 
|  40|0x0000000723400000, 0x0000000723400000, 0x0000000723500000|  0%| F|  |TAMS 0x0000000723400000, 0x0000000723400000| Untracked 
|  41|0x0000000723500000, 0x0000000723500000, 0x0000000723600000|  0%| F|  |TAMS 0x0000000723500000, 0x0000000723500000| Untracked 
|  42|0x0000000723600000, 0x0000000723600000, 0x0000000723700000|  0%| F|  |TAMS 0x0000000723600000, 0x0000000723600000| Untracked 
|  43|0x0000000723700000, 0x0000000723700000, 0x0000000723800000|  0%| F|  |TAMS 0x0000000723700000, 0x0000000723700000| Untracked 
|  44|0x0000000723800000, 0x0000000723800000, 0x0000000723900000|  0%| F|  |TAMS 0x0000000723800000, 0x0000000723800000| Untracked 
|  45|0x0000000723900000, 0x0000000723900000, 0x0000000723a00000|  0%| F|  |TAMS 0x0000000723900000, 0x0000000723900000| Untracked 
|  46|0x0000000723a00000, 0x0000000723a00000, 0x0000000723b00000|  0%| F|  |TAMS 0x0000000723a00000, 0x0000000723a00000| Untracked 
|  47|0x0000000723b00000, 0x0000000723b00000, 0x0000000723c00000|  0%| F|  |TAMS 0x0000000723b00000, 0x0000000723b00000| Untracked 
|  48|0x0000000723c00000, 0x0000000723c00000, 0x0000000723d00000|  0%| F|  |TAMS 0x0000000723c00000, 0x0000000723c00000| Untracked 
|  49|0x0000000723d00000, 0x0000000723d00000, 0x0000000723e00000|  0%| F|  |TAMS 0x0000000723d00000, 0x0000000723d00000| Untracked 
|  50|0x0000000723e00000, 0x0000000723e00000, 0x0000000723f00000|  0%| F|  |TAMS 0x0000000723e00000, 0x0000000723e00000| Untracked 
|  51|0x0000000723f00000, 0x0000000723f00000, 0x0000000724000000|  0%| F|  |TAMS 0x0000000723f00000, 0x0000000723f00000| Untracked 
|  52|0x0000000724000000, 0x0000000724000000, 0x0000000724100000|  0%| F|  |TAMS 0x0000000724000000, 0x0000000724000000| Untracked 
|  53|0x0000000724100000, 0x0000000724100000, 0x0000000724200000|  0%| F|  |TAMS 0x0000000724100000, 0x0000000724100000| Untracked 
|  54|0x0000000724200000, 0x0000000724200000, 0x0000000724300000|  0%| F|  |TAMS 0x0000000724200000, 0x0000000724200000| Untracked 
|  55|0x0000000724300000, 0x0000000724300000, 0x0000000724400000|  0%| F|  |TAMS 0x0000000724300000, 0x0000000724300000| Untracked 
|  56|0x0000000724400000, 0x0000000724400000, 0x0000000724500000|  0%| F|  |TAMS 0x0000000724400000, 0x0000000724400000| Untracked 
|  57|0x0000000724500000, 0x0000000724500000, 0x0000000724600000|  0%| F|  |TAMS 0x0000000724500000, 0x0000000724500000| Untracked 
|  58|0x0000000724600000, 0x0000000724600000, 0x0000000724700000|  0%| F|  |TAMS 0x0000000724600000, 0x0000000724600000| Untracked 
|  59|0x0000000724700000, 0x0000000724700000, 0x0000000724800000|  0%| F|  |TAMS 0x0000000724700000, 0x0000000724700000| Untracked 
|  60|0x0000000724800000, 0x0000000724800000, 0x0000000724900000|  0%| F|  |TAMS 0x0000000724800000, 0x0000000724800000| Untracked 
|  61|0x0000000724900000, 0x0000000724900000, 0x0000000724a00000|  0%| F|  |TAMS 0x0000000724900000, 0x0000000724900000| Untracked 
|  62|0x0000000724a00000, 0x0000000724a00000, 0x0000000724b00000|  0%| F|  |TAMS 0x0000000724a00000, 0x0000000724a00000| Untracked 
|  63|0x0000000724b00000, 0x0000000724b00000, 0x0000000724c00000|  0%| F|  |TAMS 0x0000000724b00000, 0x0000000724b00000| Untracked 
|  64|0x0000000724c00000, 0x0000000724c00000, 0x0000000724d00000|  0%| F|  |TAMS 0x0000000724c00000, 0x0000000724c00000| Untracked 
|  65|0x0000000724d00000, 0x0000000724d00000, 0x0000000724e00000|  0%| F|  |TAMS 0x0000000724d00000, 0x0000000724d00000| Untracked 
|  66|0x0000000724e00000, 0x0000000724e00000, 0x0000000724f00000|  0%| F|  |TAMS 0x0000000724e00000, 0x0000000724e00000| Untracked 
|  67|0x0000000724f00000, 0x0000000724f00000, 0x0000000725000000|  0%| F|  |TAMS 0x0000000724f00000, 0x0000000724f00000| Untracked 
|  68|0x0000000725000000, 0x0000000725000000, 0x0000000725100000|  0%| F|  |TAMS 0x0000000725000000, 0x0000000725000000| Untracked 
|  69|0x0000000725100000, 0x0000000725100000, 0x0000000725200000|  0%| F|  |TAMS 0x0000000725100000, 0x0000000725100000| Untracked 
|  70|0x0000000725200000, 0x0000000725200000, 0x0000000725300000|  0%| F|  |TAMS 0x0000000725200000, 0x0000000725200000| Untracked 
|  71|0x0000000725300000, 0x0000000725300000, 0x0000000725400000|  0%| F|  |TAMS 0x0000000725300000, 0x0000000725300000| Untracked 
|  72|0x0000000725400000, 0x0000000725400000, 0x0000000725500000|  0%| F|  |TAMS 0x0000000725400000, 0x0000000725400000| Untracked 
|  73|0x0000000725500000, 0x0000000725500000, 0x0000000725600000|  0%| F|  |TAMS 0x0000000725500000, 0x0000000725500000| Untracked 
|  74|0x0000000725600000, 0x0000000725600000, 0x0000000725700000|  0%| F|  |TAMS 0x0000000725600000, 0x0000000725600000| Untracked 
|  75|0x0000000725700000, 0x0000000725700000, 0x0000000725800000|  0%| F|  |TAMS 0x0000000725700000, 0x0000000725700000| Untracked 
|  76|0x0000000725800000, 0x0000000725800000, 0x0000000725900000|  0%| F|  |TAMS 0x0000000725800000, 0x0000000725800000| Untracked 
|  77|0x0000000725900000, 0x0000000725900000, 0x0000000725a00000|  0%| F|  |TAMS 0x0000000725900000, 0x0000000725900000| Untracked 
|  78|0x0000000725a00000, 0x0000000725a00000, 0x0000000725b00000|  0%| F|  |TAMS 0x0000000725a00000, 0x0000000725a00000| Untracked 
|  79|0x0000000725b00000, 0x0000000725b00000, 0x0000000725c00000|  0%| F|  |TAMS 0x0000000725b00000, 0x0000000725b00000| Untracked 
|  80|0x0000000725c00000, 0x0000000725c00000, 0x0000000725d00000|  0%| F|  |TAMS 0x0000000725c00000, 0x0000000725c00000| Untracked 
|  81|0x0000000725d00000, 0x0000000725d00000, 0x0000000725e00000|  0%| F|  |TAMS 0x0000000725d00000, 0x0000000725d00000| Untracked 
|  82|0x0000000725e00000, 0x0000000725e00000, 0x0000000725f00000|  0%| F|  |TAMS 0x0000000725e00000, 0x0000000725e00000| Untracked 
|  83|0x0000000725f00000, 0x0000000725f00000, 0x0000000726000000|  0%| F|  |TAMS 0x0000000725f00000, 0x0000000725f00000| Untracked 
|  84|0x0000000726000000, 0x0000000726000000, 0x0000000726100000|  0%| F|  |TAMS 0x0000000726000000, 0x0000000726000000| Untracked 
|  85|0x0000000726100000, 0x0000000726100000, 0x0000000726200000|  0%| F|  |TAMS 0x0000000726100000, 0x0000000726100000| Untracked 
|  86|0x0000000726200000, 0x0000000726200000, 0x0000000726300000|  0%| F|  |TAMS 0x0000000726200000, 0x0000000726200000| Untracked 
|  87|0x0000000726300000, 0x0000000726300000, 0x0000000726400000|  0%| F|  |TAMS 0x0000000726300000, 0x0000000726300000| Untracked 
|  88|0x0000000726400000, 0x0000000726400000, 0x0000000726500000|  0%| F|  |TAMS 0x0000000726400000, 0x0000000726400000| Untracked 
|  89|0x0000000726500000, 0x0000000726500000, 0x0000000726600000|  0%| F|  |TAMS 0x0000000726500000, 0x0000000726500000| Untracked 
|  90|0x0000000726600000, 0x0000000726600000, 0x0000000726700000|  0%| F|  |TAMS 0x0000000726600000, 0x0000000726600000| Untracked 
|  91|0x0000000726700000, 0x0000000726700000, 0x0000000726800000|  0%| F|  |TAMS 0x0000000726700000, 0x0000000726700000| Untracked 
|  92|0x0000000726800000, 0x0000000726800000, 0x0000000726900000|  0%| F|  |TAMS 0x0000000726800000, 0x0000000726800000| Untracked 
|  93|0x0000000726900000, 0x0000000726900000, 0x0000000726a00000|  0%| F|  |TAMS 0x0000000726900000, 0x0000000726900000| Untracked 
|  94|0x0000000726a00000, 0x0000000726a00000, 0x0000000726b00000|  0%| F|  |TAMS 0x0000000726a00000, 0x0000000726a00000| Untracked 
|  95|0x0000000726b00000, 0x0000000726b00000, 0x0000000726c00000|  0%| F|  |TAMS 0x0000000726b00000, 0x0000000726b00000| Untracked 
|  96|0x0000000726c00000, 0x0000000726d00000, 0x0000000726d00000|100%| S|CS|TAMS 0x0000000726c00000, 0x0000000726c00000| Complete 
|  97|0x0000000726d00000, 0x0000000726e00000, 0x0000000726e00000|100%| S|CS|TAMS 0x0000000726d00000, 0x0000000726d00000| Complete 
|  98|0x0000000726e00000, 0x0000000726f00000, 0x0000000726f00000|100%| S|CS|TAMS 0x0000000726e00000, 0x0000000726e00000| Complete 
|  99|0x0000000726f00000, 0x0000000727000000, 0x0000000727000000|100%| S|CS|TAMS 0x0000000726f00000, 0x0000000726f00000| Complete 
| 100|0x0000000727000000, 0x0000000727100000, 0x0000000727100000|100%| S|CS|TAMS 0x0000000727000000, 0x0000000727000000| Complete 
| 101|0x0000000727100000, 0x0000000727200000, 0x0000000727200000|100%| S|CS|TAMS 0x0000000727100000, 0x0000000727100000| Complete 
| 102|0x0000000727200000, 0x0000000727300000, 0x0000000727300000|100%| S|CS|TAMS 0x0000000727200000, 0x0000000727200000| Complete 
| 103|0x0000000727300000, 0x0000000727400000, 0x0000000727400000|100%| S|CS|TAMS 0x0000000727300000, 0x0000000727300000| Complete 
| 104|0x0000000727400000, 0x0000000727500000, 0x0000000727500000|100%| S|CS|TAMS 0x0000000727400000, 0x0000000727400000| Complete 
| 105|0x0000000727500000, 0x0000000727500000, 0x0000000727600000|  0%| F|  |TAMS 0x0000000727500000, 0x0000000727500000| Untracked 
| 106|0x0000000727600000, 0x0000000727600000, 0x0000000727700000|  0%| F|  |TAMS 0x0000000727600000, 0x0000000727600000| Untracked 
| 107|0x0000000727700000, 0x0000000727700000, 0x0000000727800000|  0%| F|  |TAMS 0x0000000727700000, 0x0000000727700000| Untracked 
| 108|0x0000000727800000, 0x0000000727800000, 0x0000000727900000|  0%| F|  |TAMS 0x0000000727800000, 0x0000000727800000| Untracked 
| 109|0x0000000727900000, 0x0000000727900000, 0x0000000727a00000|  0%| F|  |TAMS 0x0000000727900000, 0x0000000727900000| Untracked 
| 110|0x0000000727a00000, 0x0000000727a00000, 0x0000000727b00000|  0%| F|  |TAMS 0x0000000727a00000, 0x0000000727a00000| Untracked 
| 111|0x0000000727b00000, 0x0000000727b00000, 0x0000000727c00000|  0%| F|  |TAMS 0x0000000727b00000, 0x0000000727b00000| Untracked 
| 112|0x0000000727c00000, 0x0000000727c00000, 0x0000000727d00000|  0%| F|  |TAMS 0x0000000727c00000, 0x0000000727c00000| Untracked 
| 113|0x0000000727d00000, 0x0000000727d00000, 0x0000000727e00000|  0%| F|  |TAMS 0x0000000727d00000, 0x0000000727d00000| Untracked 
| 114|0x0000000727e00000, 0x0000000727e00000, 0x0000000727f00000|  0%| F|  |TAMS 0x0000000727e00000, 0x0000000727e00000| Untracked 
| 115|0x0000000727f00000, 0x0000000727f00000, 0x0000000728000000|  0%| F|  |TAMS 0x0000000727f00000, 0x0000000727f00000| Untracked 
| 116|0x0000000728000000, 0x0000000728000000, 0x0000000728100000|  0%| F|  |TAMS 0x0000000728000000, 0x0000000728000000| Untracked 
| 117|0x0000000728100000, 0x0000000728100000, 0x0000000728200000|  0%| F|  |TAMS 0x0000000728100000, 0x0000000728100000| Untracked 
| 118|0x0000000728200000, 0x0000000728200000, 0x0000000728300000|  0%| F|  |TAMS 0x0000000728200000, 0x0000000728200000| Untracked 
| 119|0x0000000728300000, 0x0000000728400000, 0x0000000728400000|100%| S|CS|TAMS 0x0000000728300000, 0x0000000728300000| Complete 
| 120|0x0000000728400000, 0x0000000728500000, 0x0000000728500000|100%| S|CS|TAMS 0x0000000728400000, 0x0000000728400000| Complete 
| 121|0x0000000728500000, 0x0000000728600000, 0x0000000728600000|100%| S|CS|TAMS 0x0000000728500000, 0x0000000728500000| Complete 
| 122|0x0000000728600000, 0x0000000728600000, 0x0000000728700000|  0%| F|  |TAMS 0x0000000728600000, 0x0000000728600000| Untracked 
| 123|0x0000000728700000, 0x0000000728700000, 0x0000000728800000|  0%| F|  |TAMS 0x0000000728700000, 0x0000000728700000| Untracked 
| 124|0x0000000728800000, 0x0000000728800000, 0x0000000728900000|  0%| F|  |TAMS 0x0000000728800000, 0x0000000728800000| Untracked 
| 125|0x0000000728900000, 0x0000000728900000, 0x0000000728a00000|  0%| F|  |TAMS 0x0000000728900000, 0x0000000728900000| Untracked 
| 126|0x0000000728a00000, 0x0000000728a00000, 0x0000000728b00000|  0%| F|  |TAMS 0x0000000728a00000, 0x0000000728a00000| Untracked 
| 127|0x0000000728b00000, 0x0000000728b00000, 0x0000000728c00000|  0%| F|  |TAMS 0x0000000728b00000, 0x0000000728b00000| Untracked 
| 128|0x0000000728c00000, 0x0000000728c00000, 0x0000000728d00000|  0%| F|  |TAMS 0x0000000728c00000, 0x0000000728c00000| Untracked 
| 129|0x0000000728d00000, 0x0000000728d00000, 0x0000000728e00000|  0%| F|  |TAMS 0x0000000728d00000, 0x0000000728d00000| Untracked 
| 130|0x0000000728e00000, 0x0000000728e00000, 0x0000000728f00000|  0%| F|  |TAMS 0x0000000728e00000, 0x0000000728e00000| Untracked 
| 131|0x0000000728f00000, 0x0000000728f00000, 0x0000000729000000|  0%| F|  |TAMS 0x0000000728f00000, 0x0000000728f00000| Untracked 
| 132|0x0000000729000000, 0x0000000729000000, 0x0000000729100000|  0%| F|  |TAMS 0x0000000729000000, 0x0000000729000000| Untracked 
| 133|0x0000000729100000, 0x0000000729100000, 0x0000000729200000|  0%| F|  |TAMS 0x0000000729100000, 0x0000000729100000| Untracked 
| 134|0x0000000729200000, 0x0000000729200000, 0x0000000729300000|  0%| F|  |TAMS 0x0000000729200000, 0x0000000729200000| Untracked 
| 135|0x0000000729300000, 0x0000000729300000, 0x0000000729400000|  0%| F|  |TAMS 0x0000000729300000, 0x0000000729300000| Untracked 
| 136|0x0000000729400000, 0x0000000729400000, 0x0000000729500000|  0%| F|  |TAMS 0x0000000729400000, 0x0000000729400000| Untracked 
| 137|0x0000000729500000, 0x0000000729500000, 0x0000000729600000|  0%| F|  |TAMS 0x0000000729500000, 0x0000000729500000| Untracked 
| 138|0x0000000729600000, 0x0000000729600000, 0x0000000729700000|  0%| F|  |TAMS 0x0000000729600000, 0x0000000729600000| Untracked 
| 139|0x0000000729700000, 0x0000000729700000, 0x0000000729800000|  0%| F|  |TAMS 0x0000000729700000, 0x0000000729700000| Untracked 
| 140|0x0000000729800000, 0x0000000729800000, 0x0000000729900000|  0%| F|  |TAMS 0x0000000729800000, 0x0000000729800000| Untracked 
| 141|0x0000000729900000, 0x0000000729900000, 0x0000000729a00000|  0%| F|  |TAMS 0x0000000729900000, 0x0000000729900000| Untracked 
| 142|0x0000000729a00000, 0x0000000729a00000, 0x0000000729b00000|  0%| F|  |TAMS 0x0000000729a00000, 0x0000000729a00000| Untracked 
| 143|0x0000000729b00000, 0x0000000729b00000, 0x0000000729c00000|  0%| F|  |TAMS 0x0000000729b00000, 0x0000000729b00000| Untracked 
| 144|0x0000000729c00000, 0x0000000729c00000, 0x0000000729d00000|  0%| F|  |TAMS 0x0000000729c00000, 0x0000000729c00000| Untracked 
| 145|0x0000000729d00000, 0x0000000729d00000, 0x0000000729e00000|  0%| F|  |TAMS 0x0000000729d00000, 0x0000000729d00000| Untracked 
| 146|0x0000000729e00000, 0x0000000729e00000, 0x0000000729f00000|  0%| F|  |TAMS 0x0000000729e00000, 0x0000000729e00000| Untracked 
| 147|0x0000000729f00000, 0x0000000729f00000, 0x000000072a000000|  0%| F|  |TAMS 0x0000000729f00000, 0x0000000729f00000| Untracked 
| 148|0x000000072a000000, 0x000000072a000000, 0x000000072a100000|  0%| F|  |TAMS 0x000000072a000000, 0x000000072a000000| Untracked 
| 149|0x000000072a100000, 0x000000072a100000, 0x000000072a200000|  0%| F|  |TAMS 0x000000072a100000, 0x000000072a100000| Untracked 
| 150|0x000000072a200000, 0x000000072a200000, 0x000000072a300000|  0%| F|  |TAMS 0x000000072a200000, 0x000000072a200000| Untracked 
| 151|0x000000072a300000, 0x000000072a300000, 0x000000072a400000|  0%| F|  |TAMS 0x000000072a300000, 0x000000072a300000| Untracked 
| 152|0x000000072a400000, 0x000000072a400000, 0x000000072a500000|  0%| F|  |TAMS 0x000000072a400000, 0x000000072a400000| Untracked 
| 153|0x000000072a500000, 0x000000072a500000, 0x000000072a600000|  0%| F|  |TAMS 0x000000072a500000, 0x000000072a500000| Untracked 
| 154|0x000000072a600000, 0x000000072a600000, 0x000000072a700000|  0%| F|  |TAMS 0x000000072a600000, 0x000000072a600000| Untracked 
| 155|0x000000072a700000, 0x000000072a700000, 0x000000072a800000|  0%| F|  |TAMS 0x000000072a700000, 0x000000072a700000| Untracked 
| 156|0x000000072a800000, 0x000000072a800000, 0x000000072a900000|  0%| F|  |TAMS 0x000000072a800000, 0x000000072a800000| Untracked 
| 157|0x000000072a900000, 0x000000072a900000, 0x000000072aa00000|  0%| F|  |TAMS 0x000000072a900000, 0x000000072a900000| Untracked 
| 158|0x000000072aa00000, 0x000000072aa00000, 0x000000072ab00000|  0%| F|  |TAMS 0x000000072aa00000, 0x000000072aa00000| Untracked 
| 159|0x000000072ab00000, 0x000000072ab00000, 0x000000072ac00000|  0%| F|  |TAMS 0x000000072ab00000, 0x000000072ab00000| Untracked 
| 160|0x000000072ac00000, 0x000000072ac00000, 0x000000072ad00000|  0%| F|  |TAMS 0x000000072ac00000, 0x000000072ac00000| Untracked 
| 161|0x000000072ad00000, 0x000000072ad00000, 0x000000072ae00000|  0%| F|  |TAMS 0x000000072ad00000, 0x000000072ad00000| Untracked 
| 162|0x000000072ae00000, 0x000000072ae00000, 0x000000072af00000|  0%| F|  |TAMS 0x000000072ae00000, 0x000000072ae00000| Untracked 
| 163|0x000000072af00000, 0x000000072af00000, 0x000000072b000000|  0%| F|  |TAMS 0x000000072af00000, 0x000000072af00000| Untracked 
| 164|0x000000072b000000, 0x000000072b000000, 0x000000072b100000|  0%| F|  |TAMS 0x000000072b000000, 0x000000072b000000| Untracked 
| 165|0x000000072b100000, 0x000000072b100000, 0x000000072b200000|  0%| F|  |TAMS 0x000000072b100000, 0x000000072b100000| Untracked 
| 166|0x000000072b200000, 0x000000072b200000, 0x000000072b300000|  0%| F|  |TAMS 0x000000072b200000, 0x000000072b200000| Untracked 
| 167|0x000000072b300000, 0x000000072b341ef8, 0x000000072b400000| 25%| E|  |TAMS 0x000000072b300000, 0x000000072b300000| Complete 
| 168|0x000000072b400000, 0x000000072b500000, 0x000000072b500000|100%| E|CS|TAMS 0x000000072b400000, 0x000000072b400000| Complete 
| 169|0x000000072b500000, 0x000000072b600000, 0x000000072b600000|100%| E|CS|TAMS 0x000000072b500000, 0x000000072b500000| Complete 
| 170|0x000000072b600000, 0x000000072b700000, 0x000000072b700000|100%| E|CS|TAMS 0x000000072b600000, 0x000000072b600000| Complete 
| 171|0x000000072b700000, 0x000000072b800000, 0x000000072b800000|100%| E|CS|TAMS 0x000000072b700000, 0x000000072b700000| Complete 
| 172|0x000000072b800000, 0x000000072b900000, 0x000000072b900000|100%| E|CS|TAMS 0x000000072b800000, 0x000000072b800000| Complete 
| 173|0x000000072b900000, 0x000000072ba00000, 0x000000072ba00000|100%| E|CS|TAMS 0x000000072b900000, 0x000000072b900000| Complete 
| 174|0x000000072ba00000, 0x000000072bb00000, 0x000000072bb00000|100%| E|CS|TAMS 0x000000072ba00000, 0x000000072ba00000| Complete 
| 175|0x000000072bb00000, 0x000000072bc00000, 0x000000072bc00000|100%| E|CS|TAMS 0x000000072bb00000, 0x000000072bb00000| Complete 
| 176|0x000000072bc00000, 0x000000072bd00000, 0x000000072bd00000|100%| E|CS|TAMS 0x000000072bc00000, 0x000000072bc00000| Complete 
| 177|0x000000072bd00000, 0x000000072be00000, 0x000000072be00000|100%| E|CS|TAMS 0x000000072bd00000, 0x000000072bd00000| Complete 
| 178|0x000000072be00000, 0x000000072bf00000, 0x000000072bf00000|100%| E|CS|TAMS 0x000000072be00000, 0x000000072be00000| Complete 
| 179|0x000000072bf00000, 0x000000072c000000, 0x000000072c000000|100%| E|CS|TAMS 0x000000072bf00000, 0x000000072bf00000| Complete 
| 180|0x000000072c000000, 0x000000072c100000, 0x000000072c100000|100%| E|CS|TAMS 0x000000072c000000, 0x000000072c000000| Complete 
| 181|0x000000072c100000, 0x000000072c200000, 0x000000072c200000|100%| E|CS|TAMS 0x000000072c100000, 0x000000072c100000| Complete 
| 182|0x000000072c200000, 0x000000072c300000, 0x000000072c300000|100%| E|CS|TAMS 0x000000072c200000, 0x000000072c200000| Complete 
| 183|0x000000072c300000, 0x000000072c400000, 0x000000072c400000|100%| E|CS|TAMS 0x000000072c300000, 0x000000072c300000| Complete 
| 184|0x000000072c400000, 0x000000072c500000, 0x000000072c500000|100%| E|CS|TAMS 0x000000072c400000, 0x000000072c400000| Complete 
| 185|0x000000072c500000, 0x000000072c600000, 0x000000072c600000|100%| E|CS|TAMS 0x000000072c500000, 0x000000072c500000| Complete 
| 186|0x000000072c600000, 0x000000072c700000, 0x000000072c700000|100%| E|CS|TAMS 0x000000072c600000, 0x000000072c600000| Complete 
| 187|0x000000072c700000, 0x000000072c800000, 0x000000072c800000|100%| E|CS|TAMS 0x000000072c700000, 0x000000072c700000| Complete 
| 188|0x000000072c800000, 0x000000072c900000, 0x000000072c900000|100%| E|CS|TAMS 0x000000072c800000, 0x000000072c800000| Complete 
| 189|0x000000072c900000, 0x000000072ca00000, 0x000000072ca00000|100%| E|CS|TAMS 0x000000072c900000, 0x000000072c900000| Complete 
| 190|0x000000072ca00000, 0x000000072cb00000, 0x000000072cb00000|100%| E|CS|TAMS 0x000000072ca00000, 0x000000072ca00000| Complete 
| 191|0x000000072cb00000, 0x000000072cc00000, 0x000000072cc00000|100%| E|CS|TAMS 0x000000072cb00000, 0x000000072cb00000| Complete 
| 192|0x000000072cc00000, 0x000000072cd00000, 0x000000072cd00000|100%| E|CS|TAMS 0x000000072cc00000, 0x000000072cc00000| Complete 
| 193|0x000000072cd00000, 0x000000072ce00000, 0x000000072ce00000|100%| E|CS|TAMS 0x000000072cd00000, 0x000000072cd00000| Complete 
| 194|0x000000072ce00000, 0x000000072cf00000, 0x000000072cf00000|100%| E|CS|TAMS 0x000000072ce00000, 0x000000072ce00000| Complete 
| 195|0x000000072cf00000, 0x000000072d000000, 0x000000072d000000|100%| E|CS|TAMS 0x000000072cf00000, 0x000000072cf00000| Complete 
| 196|0x000000072d000000, 0x000000072d100000, 0x000000072d100000|100%| E|CS|TAMS 0x000000072d000000, 0x000000072d000000| Complete 
| 197|0x000000072d100000, 0x000000072d200000, 0x000000072d200000|100%| E|CS|TAMS 0x000000072d100000, 0x000000072d100000| Complete 
| 198|0x000000072d200000, 0x000000072d300000, 0x000000072d300000|100%| E|CS|TAMS 0x000000072d200000, 0x000000072d200000| Complete 
| 199|0x000000072d300000, 0x000000072d400000, 0x000000072d400000|100%| E|CS|TAMS 0x000000072d300000, 0x000000072d300000| Complete 
| 200|0x000000072d400000, 0x000000072d500000, 0x000000072d500000|100%| E|CS|TAMS 0x000000072d400000, 0x000000072d400000| Complete 
| 201|0x000000072d500000, 0x000000072d600000, 0x000000072d600000|100%| E|CS|TAMS 0x000000072d500000, 0x000000072d500000| Complete 
| 202|0x000000072d600000, 0x000000072d700000, 0x000000072d700000|100%| E|CS|TAMS 0x000000072d600000, 0x000000072d600000| Complete 
| 203|0x000000072d700000, 0x000000072d800000, 0x000000072d800000|100%| E|CS|TAMS 0x000000072d700000, 0x000000072d700000| Complete 
| 204|0x000000072d800000, 0x000000072d900000, 0x000000072d900000|100%| E|CS|TAMS 0x000000072d800000, 0x000000072d800000| Complete 
| 205|0x000000072d900000, 0x000000072da00000, 0x000000072da00000|100%| E|CS|TAMS 0x000000072d900000, 0x000000072d900000| Complete 
| 206|0x000000072da00000, 0x000000072db00000, 0x000000072db00000|100%| E|CS|TAMS 0x000000072da00000, 0x000000072da00000| Complete 
| 207|0x000000072db00000, 0x000000072dc00000, 0x000000072dc00000|100%| E|CS|TAMS 0x000000072db00000, 0x000000072db00000| Complete 
| 208|0x000000072dc00000, 0x000000072dd00000, 0x000000072dd00000|100%| E|CS|TAMS 0x000000072dc00000, 0x000000072dc00000| Complete 
| 209|0x000000072dd00000, 0x000000072de00000, 0x000000072de00000|100%| E|CS|TAMS 0x000000072dd00000, 0x000000072dd00000| Complete 
| 210|0x000000072de00000, 0x000000072df00000, 0x000000072df00000|100%| E|CS|TAMS 0x000000072de00000, 0x000000072de00000| Complete 
| 211|0x000000072df00000, 0x000000072e000000, 0x000000072e000000|100%| E|CS|TAMS 0x000000072df00000, 0x000000072df00000| Complete 
| 212|0x000000072e000000, 0x000000072e100000, 0x000000072e100000|100%| E|CS|TAMS 0x000000072e000000, 0x000000072e000000| Complete 
| 213|0x000000072e100000, 0x000000072e200000, 0x000000072e200000|100%| E|CS|TAMS 0x000000072e100000, 0x000000072e100000| Complete 
| 214|0x000000072e200000, 0x000000072e300000, 0x000000072e300000|100%| E|CS|TAMS 0x000000072e200000, 0x000000072e200000| Complete 
| 215|0x000000072e300000, 0x000000072e400000, 0x000000072e400000|100%| E|CS|TAMS 0x000000072e300000, 0x000000072e300000| Complete 
| 216|0x000000072e400000, 0x000000072e500000, 0x000000072e500000|100%| E|CS|TAMS 0x000000072e400000, 0x000000072e400000| Complete 
| 217|0x000000072e500000, 0x000000072e600000, 0x000000072e600000|100%| E|CS|TAMS 0x000000072e500000, 0x000000072e500000| Complete 
| 218|0x000000072e600000, 0x000000072e700000, 0x000000072e700000|100%| E|CS|TAMS 0x000000072e600000, 0x000000072e600000| Complete 
| 219|0x000000072e700000, 0x000000072e800000, 0x000000072e800000|100%| E|CS|TAMS 0x000000072e700000, 0x000000072e700000| Complete 
| 220|0x000000072e800000, 0x000000072e900000, 0x000000072e900000|100%| E|CS|TAMS 0x000000072e800000, 0x000000072e800000| Complete 
| 221|0x000000072e900000, 0x000000072ea00000, 0x000000072ea00000|100%| E|CS|TAMS 0x000000072e900000, 0x000000072e900000| Complete 
| 222|0x000000072ea00000, 0x000000072eb00000, 0x000000072eb00000|100%| E|CS|TAMS 0x000000072ea00000, 0x000000072ea00000| Complete 
| 223|0x000000072eb00000, 0x000000072ec00000, 0x000000072ec00000|100%| E|CS|TAMS 0x000000072eb00000, 0x000000072eb00000| Complete 
| 224|0x000000072ec00000, 0x000000072ed00000, 0x000000072ed00000|100%| E|CS|TAMS 0x000000072ec00000, 0x000000072ec00000| Complete 
| 225|0x000000072ed00000, 0x000000072ee00000, 0x000000072ee00000|100%| E|CS|TAMS 0x000000072ed00000, 0x000000072ed00000| Complete 
| 226|0x000000072ee00000, 0x000000072ef00000, 0x000000072ef00000|100%| E|CS|TAMS 0x000000072ee00000, 0x000000072ee00000| Complete 
| 227|0x000000072ef00000, 0x000000072f000000, 0x000000072f000000|100%| E|CS|TAMS 0x000000072ef00000, 0x000000072ef00000| Complete 
| 228|0x000000072f000000, 0x000000072f100000, 0x000000072f100000|100%| E|CS|TAMS 0x000000072f000000, 0x000000072f000000| Complete 
| 229|0x000000072f100000, 0x000000072f200000, 0x000000072f200000|100%| E|CS|TAMS 0x000000072f100000, 0x000000072f100000| Complete 
| 230|0x000000072f200000, 0x000000072f300000, 0x000000072f300000|100%| E|CS|TAMS 0x000000072f200000, 0x000000072f200000| Complete 
| 231|0x000000072f300000, 0x000000072f400000, 0x000000072f400000|100%| E|CS|TAMS 0x000000072f300000, 0x000000072f300000| Complete 
| 232|0x000000072f400000, 0x000000072f500000, 0x000000072f500000|100%| E|CS|TAMS 0x000000072f400000, 0x000000072f400000| Complete 
| 233|0x000000072f500000, 0x000000072f600000, 0x000000072f600000|100%| E|CS|TAMS 0x000000072f500000, 0x000000072f500000| Complete 
| 234|0x000000072f600000, 0x000000072f700000, 0x000000072f700000|100%| E|CS|TAMS 0x000000072f600000, 0x000000072f600000| Complete 
| 235|0x000000072f700000, 0x000000072f800000, 0x000000072f800000|100%| E|CS|TAMS 0x000000072f700000, 0x000000072f700000| Complete 
| 236|0x000000072f800000, 0x000000072f900000, 0x000000072f900000|100%| E|CS|TAMS 0x000000072f800000, 0x000000072f800000| Complete 
| 237|0x000000072f900000, 0x000000072fa00000, 0x000000072fa00000|100%| E|CS|TAMS 0x000000072f900000, 0x000000072f900000| Complete 
| 238|0x000000072fa00000, 0x000000072fb00000, 0x000000072fb00000|100%| E|CS|TAMS 0x000000072fa00000, 0x000000072fa00000| Complete 
| 239|0x000000072fb00000, 0x000000072fc00000, 0x000000072fc00000|100%| E|CS|TAMS 0x000000072fb00000, 0x000000072fb00000| Complete 
| 240|0x000000072fc00000, 0x000000072fd00000, 0x000000072fd00000|100%| E|  |TAMS 0x000000072fc00000, 0x000000072fc00000| Complete 
| 241|0x000000072fd00000, 0x000000072fe00000, 0x000000072fe00000|100%| E|CS|TAMS 0x000000072fd00000, 0x000000072fd00000| Complete 
| 242|0x000000072fe00000, 0x000000072ff00000, 0x000000072ff00000|100%| E|CS|TAMS 0x000000072fe00000, 0x000000072fe00000| Complete 
| 243|0x000000072ff00000, 0x0000000730000000, 0x0000000730000000|100%| E|CS|TAMS 0x000000072ff00000, 0x000000072ff00000| Complete 
| 244|0x0000000730000000, 0x0000000730100000, 0x0000000730100000|100%| E|CS|TAMS 0x0000000730000000, 0x0000000730000000| Complete 
| 245|0x0000000730100000, 0x0000000730200000, 0x0000000730200000|100%| E|CS|TAMS 0x0000000730100000, 0x0000000730100000| Complete 
| 246|0x0000000730200000, 0x0000000730300000, 0x0000000730300000|100%| E|CS|TAMS 0x0000000730200000, 0x0000000730200000| Complete 
| 247|0x0000000730300000, 0x0000000730400000, 0x0000000730400000|100%| E|CS|TAMS 0x0000000730300000, 0x0000000730300000| Complete 
| 248|0x0000000730400000, 0x0000000730500000, 0x0000000730500000|100%| E|CS|TAMS 0x0000000730400000, 0x0000000730400000| Complete 
| 249|0x0000000730500000, 0x0000000730600000, 0x0000000730600000|100%| E|CS|TAMS 0x0000000730500000, 0x0000000730500000| Complete 
| 250|0x0000000730600000, 0x0000000730700000, 0x0000000730700000|100%| E|CS|TAMS 0x0000000730600000, 0x0000000730600000| Complete 
| 251|0x0000000730700000, 0x0000000730800000, 0x0000000730800000|100%| E|CS|TAMS 0x0000000730700000, 0x0000000730700000| Complete 
| 252|0x0000000730800000, 0x0000000730900000, 0x0000000730900000|100%| E|CS|TAMS 0x0000000730800000, 0x0000000730800000| Complete 
| 253|0x0000000730900000, 0x0000000730a00000, 0x0000000730a00000|100%| E|CS|TAMS 0x0000000730900000, 0x0000000730900000| Complete 
| 254|0x0000000730a00000, 0x0000000730b00000, 0x0000000730b00000|100%| E|CS|TAMS 0x0000000730a00000, 0x0000000730a00000| Complete 
| 255|0x0000000730b00000, 0x0000000730c00000, 0x0000000730c00000|100%| E|CS|TAMS 0x0000000730b00000, 0x0000000730b00000| Complete 
| 256|0x0000000730c00000, 0x0000000730d00000, 0x0000000730d00000|100%| E|CS|TAMS 0x0000000730c00000, 0x0000000730c00000| Complete 
| 257|0x0000000730d00000, 0x0000000730e00000, 0x0000000730e00000|100%| E|CS|TAMS 0x0000000730d00000, 0x0000000730d00000| Complete 
| 258|0x0000000730e00000, 0x0000000730f00000, 0x0000000730f00000|100%| E|CS|TAMS 0x0000000730e00000, 0x0000000730e00000| Complete 
| 259|0x0000000730f00000, 0x0000000731000000, 0x0000000731000000|100%| E|CS|TAMS 0x0000000730f00000, 0x0000000730f00000| Complete 
| 260|0x0000000731000000, 0x0000000731100000, 0x0000000731100000|100%| E|CS|TAMS 0x0000000731000000, 0x0000000731000000| Complete 
| 261|0x0000000731100000, 0x0000000731200000, 0x0000000731200000|100%| E|CS|TAMS 0x0000000731100000, 0x0000000731100000| Complete 
| 262|0x0000000731200000, 0x0000000731300000, 0x0000000731300000|100%| E|CS|TAMS 0x0000000731200000, 0x0000000731200000| Complete 
| 263|0x0000000731300000, 0x0000000731400000, 0x0000000731400000|100%| E|CS|TAMS 0x0000000731300000, 0x0000000731300000| Complete 
| 264|0x0000000731400000, 0x0000000731500000, 0x0000000731500000|100%| E|CS|TAMS 0x0000000731400000, 0x0000000731400000| Complete 
| 265|0x0000000731500000, 0x0000000731600000, 0x0000000731600000|100%| E|CS|TAMS 0x0000000731500000, 0x0000000731500000| Complete 
| 266|0x0000000731600000, 0x0000000731700000, 0x0000000731700000|100%| E|CS|TAMS 0x0000000731600000, 0x0000000731600000| Complete 
| 267|0x0000000731700000, 0x0000000731800000, 0x0000000731800000|100%| E|CS|TAMS 0x0000000731700000, 0x0000000731700000| Complete 
| 268|0x0000000731800000, 0x0000000731900000, 0x0000000731900000|100%| E|CS|TAMS 0x0000000731800000, 0x0000000731800000| Complete 

Card table byte_map: [0x000002321a790000,0x000002321ae90000] _byte_map_base: 0x0000023216e8a000

Marking Bits (Prev, Next): (CMBitMap*) 0x0000023202c2b148, (CMBitMap*) 0x0000023202c2b180
 Prev Bits: [0x000002321b590000, 0x000002321ed60000)
 Next Bits: [0x000002321ed60000, 0x0000023222530000)

Polling page: 0x0000023200950000

Metaspace:

Usage:
  Non-class:     50.34 MB capacity,    49.34 MB ( 98%) used,   807.77 KB (  2%) free+waste,   218.56 KB ( <1%) overhead. 
      Class:      7.32 MB capacity,     6.65 MB ( 91%) used,   585.42 KB (  8%) free+waste,   100.94 KB (  1%) overhead. 
       Both:     57.66 MB capacity,    55.99 MB ( 97%) used,     1.36 MB (  2%) free+waste,   319.50 KB ( <1%) overhead. 

Virtual space:
  Non-class space:       52.00 MB reserved,      50.50 MB ( 97%) committed 
      Class space:        1.00 GB reserved,       7.38 MB ( <1%) committed 
             Both:        1.05 GB reserved,      57.88 MB (  5%) committed 

Chunk freelists:
   Non-Class:  4.50 KB
       Class:  2.88 KB
        Both:  7.38 KB

CodeHeap 'non-profiled nmethods': size=120064Kb used=4310Kb max_used=4310Kb free=115753Kb
 bounds [0x0000023212b50000, 0x0000023212f90000, 0x000002321a090000]
CodeHeap 'profiled nmethods': size=120000Kb used=16481Kb max_used=16481Kb free=103518Kb
 bounds [0x000002320b620000, 0x000002320c640000, 0x0000023212b50000]
CodeHeap 'non-nmethods': size=5696Kb used=1279Kb max_used=1311Kb free=4416Kb
 bounds [0x000002320b090000, 0x000002320b300000, 0x000002320b620000]
 total_blobs=7134 nmethods=6589 adapters=464
 compilation: enabled
              stopped_count=0, restarted_count=0
 full_count=0

Compilation events (10 events):
Event: 3910.226 Thread 0x0000023225310000 nmethod 6601 0x000002320c634010 code [0x000002320c634280, 0x000002320c634dd8]
Event: 3922.498 Thread 0x0000023225310000 6602       3       java.net.SocketCleanable::register (44 bytes)
Event: 3922.499 Thread 0x0000023225310000 nmethod 6602 0x000002320c635110 code [0x000002320c635320, 0x000002320c635c58]
Event: 3922.499 Thread 0x0000023225310000 6604       3       sun.net.NetHooks::beforeTcpConnect (1 bytes)
Event: 3922.499 Thread 0x0000023225310000 nmethod 6604 0x000002320c636010 code [0x000002320c6361a0, 0x000002320c636278]
Event: 3922.499 Thread 0x0000023225310000 6603  s!   3       java.net.AbstractPlainSocketImpl::doConnect (168 bytes)
Event: 3922.500 Thread 0x0000023225310000 nmethod 6603 0x000002320c636310 code [0x000002320c636600, 0x000002320c637e28]
Event: 3929.950 Thread 0x00000232252ff000 6605   !   4       com.intellij.rt.debugger.agent.CaptureStorage::insertExit (101 bytes)
Event: 3929.963 Thread 0x00000232252ff000 nmethod 6605 0x0000023212f84790 code [0x0000023212f84980, 0x0000023212f85468]
Event: 3938.961 Thread 0x00000232252ff000 6606   !   4       java.util.concurrent.ThreadPoolExecutor::getTask (177 bytes)

GC Heap History (10 events):
Event: 1.811 GC heap before
{Heap before GC invocations=3 (full 0):
 garbage-first heap   total 229376K, used 18304K [0x0000000720c00000, 0x0000000800000000)
  region size 1024K, 15 young (15360K), 3 survivors (3072K)
 Metaspace       used 20749K, capacity 21191K, committed 21248K, reserved 1069056K
  class space    used 2334K, capacity 2537K, committed 2560K, reserved 1048576K
}
Event: 1.815 GC heap after
{Heap after GC invocations=4 (full 0):
 garbage-first heap   total 229376K, used 7631K [0x0000000720c00000, 0x0000000800000000)
  region size 1024K, 3 young (3072K), 3 survivors (3072K)
 Metaspace       used 20749K, capacity 21191K, committed 21248K, reserved 1069056K
  class space    used 2334K, capacity 2537K, committed 2560K, reserved 1048576K
}
Event: 2.381 GC heap before
{Heap before GC invocations=5 (full 0):
 garbage-first heap   total 229376K, used 62927K [0x0000000720c00000, 0x0000000800000000)
  region size 1024K, 58 young (59392K), 3 survivors (3072K)
 Metaspace       used 27972K, capacity 28552K, committed 28800K, reserved 1075200K
  class space    used 3209K, capacity 3451K, committed 3456K, reserved 1048576K
}
Event: 2.387 GC heap after
{Heap after GC invocations=6 (full 0):
 garbage-first heap   total 229376K, used 9790K [0x0000000720c00000, 0x0000000800000000)
  region size 1024K, 5 young (5120K), 5 survivors (5120K)
 Metaspace       used 27972K, capacity 28552K, committed 28800K, reserved 1075200K
  class space    used 3209K, capacity 3451K, committed 3456K, reserved 1048576K
}
Event: 3.749 GC heap before
{Heap before GC invocations=6 (full 0):
 garbage-first heap   total 229376K, used 62014K [0x0000000720c00000, 0x0000000800000000)
  region size 1024K, 57 young (58368K), 5 survivors (5120K)
 Metaspace       used 34951K, capacity 35785K, committed 35840K, reserved 1081344K
  class space    used 4098K, capacity 4425K, committed 4480K, reserved 1048576K
}
Event: 3.756 GC heap after
{Heap after GC invocations=7 (full 0):
 garbage-first heap   total 229376K, used 12252K [0x0000000720c00000, 0x0000000800000000)
  region size 1024K, 8 young (8192K), 8 survivors (8192K)
 Metaspace       used 34951K, capacity 35785K, committed 35840K, reserved 1081344K
  class space    used 4098K, capacity 4425K, committed 4480K, reserved 1048576K
}
Event: 7.432 GC heap before
{Heap before GC invocations=8 (full 0):
 garbage-first heap   total 229376K, used 111580K [0x0000000720c00000, 0x0000000800000000)
  region size 1024K, 105 young (107520K), 8 survivors (8192K)
 Metaspace       used 49741K, capacity 51197K, committed 51456K, reserved 1093632K
  class space    used 6038K, capacity 6630K, committed 6656K, reserved 1048576K
}
Event: 7.446 GC heap after
{Heap after GC invocations=9 (full 0):
 garbage-first heap   total 275456K, used 18499K [0x0000000720c00000, 0x0000000800000000)
  region size 1024K, 14 young (14336K), 14 survivors (14336K)
 Metaspace       used 49741K, capacity 51197K, committed 51456K, reserved 1093632K
  class space    used 6038K, capacity 6630K, committed 6656K, reserved 1048576K
}
Event: 77.399 GC heap before
{Heap before GC invocations=9 (full 0):
 garbage-first heap   total 275456K, used 169027K [0x0000000720c00000, 0x0000000800000000)
  region size 1024K, 161 young (164864K), 14 survivors (14336K)
 Metaspace       used 56049K, capacity 57757K, committed 57984K, reserved 1099776K
  class space    used 6784K, capacity 7459K, committed 7552K, reserved 1048576K
}
Event: 77.418 GC heap after
{Heap after GC invocations=10 (full 0):
 garbage-first heap   total 275456K, used 20825K [0x0000000720c00000, 0x0000000800000000)
  region size 1024K, 12 young (12288K), 12 survivors (12288K)
 Metaspace       used 56049K, capacity 57757K, committed 57984K, reserved 1099776K
  class space    used 6784K, capacity 7459K, committed 7552K, reserved 1048576K
}

Deoptimization events (10 events):
Event: 45.389 Thread 0x000002322c052800 Uncommon trap: reason=unstable_if action=reinterpret pc=0x0000023212ec4d30 method=java.lang.Class.annotationData()Ljava/lang/Class$AnnotationData; @ 36 c2
Event: 45.407 Thread 0x000002322c04f000 Uncommon trap: reason=unstable_if action=reinterpret pc=0x0000023212c06008 method=sun.net.util.IPAddressUtil.scan(Ljava/lang/String;JJ[C)I @ 14 c2
Event: 45.407 Thread 0x000002322c052800 Uncommon trap: reason=unstable_if action=reinterpret pc=0x0000023212c06008 method=sun.net.util.IPAddressUtil.scan(Ljava/lang/String;JJ[C)I @ 14 c2
Event: 46.564 Thread 0x000002322b1fd000 Uncommon trap: reason=unstable_if action=reinterpret pc=0x0000023212c40da8 method=java.lang.String.getChars(II[CI)V @ 23 c2
Event: 46.564 Thread 0x000002322b1fd000 Uncommon trap: reason=unstable_if action=reinterpret pc=0x0000023212b77244 method=java.lang.String.indexOf(II)I @ 4 c2
Event: 46.564 Thread 0x000002322b1fd000 Uncommon trap: reason=unstable_if action=reinterpret pc=0x0000023212b88b68 method=java.lang.String.indexOf(II)I @ 4 c2
Event: 110.310 Thread 0x000002322b1ff000 Uncommon trap: reason=unstable_if action=reinterpret pc=0x0000023212f03f08 method=sun.nio.cs.UTF_8$Encoder.encodeArrayLoop(Ljava/nio/CharBuffer;Ljava/nio/ByteBuffer;)Ljava/nio/charset/CoderResult; @ 87 c2
Event: 2825.530 Thread 0x0000023229e03800 Uncommon trap: reason=unstable_if action=reinterpret pc=0x0000023212f64724 method=java.util.concurrent.locks.AbstractQueuedSynchronizer$ConditionObject.addConditionWaiter()Ljava/util/concurrent/locks/AbstractQueuedSynchronizer$Node; @ 33 c2
Event: 2826.347 Thread 0x0000023226d58800 Uncommon trap: reason=unstable_if action=reinterpret pc=0x0000023212f783c8 method=java.util.concurrent.locks.AbstractQueuedSynchronizer$ConditionObject.addConditionWaiter()Ljava/util/concurrent/locks/AbstractQueuedSynchronizer$Node; @ 33 c2
Event: 3854.804 Thread 0x00000232291be000 Uncommon trap: reason=unstable_if action=reinterpret pc=0x0000023212f528e8 method=java.util.concurrent.ScheduledThreadPoolExecutor$ScheduledFutureTask.compareTo(Ljava/util/concurrent/Delayed;)I @ 40 c2

Classes redefined (0 events):
No events

Internal exceptions (10 events):
Event: 3881.638 Thread 0x0000023226d58800 Exception <a 'java/net/ConnectException'{0x000000072b311a20}: Connection refused: connect> (0x000000072b311a20) thrown at [./open/src/hotspot/share/prims/jni.cpp, line 632]
Event: 3887.817 Thread 0x0000023226bc8800 Exception <a 'java/net/ConnectException'{0x000000072b4e6280}: Connection refused: connect> (0x000000072b4e6280) thrown at [./open/src/hotspot/share/prims/jni.cpp, line 632]
Event: 3893.970 Thread 0x0000023226d58800 Exception <a 'java/net/ConnectException'{0x000000072b3135e0}: Connection refused: connect> (0x000000072b3135e0) thrown at [./open/src/hotspot/share/prims/jni.cpp, line 632]
Event: 3900.211 Thread 0x0000023226bc8800 Exception <a 'java/net/ConnectException'{0x000000072b4e79a0}: Connection refused: connect> (0x000000072b4e79a0) thrown at [./open/src/hotspot/share/prims/jni.cpp, line 632]
Event: 3906.289 Thread 0x0000023226d58800 Exception <a 'java/net/ConnectException'{0x000000072b315040}: Connection refused: connect> (0x000000072b315040) thrown at [./open/src/hotspot/share/prims/jni.cpp, line 632]
Event: 3912.486 Thread 0x0000023226bc8800 Exception <a 'java/net/ConnectException'{0x000000072b4e90c0}: Connection refused: connect> (0x000000072b4e90c0) thrown at [./open/src/hotspot/share/prims/jni.cpp, line 632]
Event: 3918.495 Thread 0x0000023226d58800 Exception <a 'java/net/ConnectException'{0x000000072b316aa0}: Connection refused: connect> (0x000000072b316aa0) thrown at [./open/src/hotspot/share/prims/jni.cpp, line 632]
Event: 3924.810 Thread 0x0000023226bc8800 Exception <a 'java/net/ConnectException'{0x000000072b4ea958}: Connection refused: connect> (0x000000072b4ea958) thrown at [./open/src/hotspot/share/prims/jni.cpp, line 632]
Event: 3930.797 Thread 0x0000023226d58800 Exception <a 'java/net/ConnectException'{0x000000072b318500}: Connection refused: connect> (0x000000072b318500) thrown at [./open/src/hotspot/share/prims/jni.cpp, line 632]
Event: 3937.077 Thread 0x0000023226bc8800 Exception <a 'java/net/ConnectException'{0x000000072b4ec078}: Connection refused: connect> (0x000000072b4ec078) thrown at [./open/src/hotspot/share/prims/jni.cpp, line 632]

Events (10 events):
Event: 3937.077 Thread 0x0000023226bc8800 DEOPT PACKING pc=0x000002320c604864 sp=0x000000b659ffe8a0
Event: 3937.077 Thread 0x0000023226bc8800 DEOPT UNPACKING pc=0x000002320b0cbb5e sp=0x000000b659ffdd40 mode 1
Event: 3937.077 Executing VM operation: RevokeBias
Event: 3937.077 Executing VM operation: RevokeBias done
Event: 3937.077 Thread 0x0000023226bc8800 DEOPT PACKING pc=0x000002320c636d54 sp=0x000000b659ffe910
Event: 3937.077 Thread 0x0000023226bc8800 DEOPT UNPACKING pc=0x000002320b0cbb5e sp=0x000000b659ffde48 mode 1
Event: 3937.077 Thread 0x0000023226bc8800 DEOPT PACKING pc=0x000002320c60183c sp=0x000000b659ffea30
Event: 3937.077 Thread 0x0000023226bc8800 DEOPT UNPACKING pc=0x000002320b0cbb5e sp=0x000000b659ffdec0 mode 1
Event: 3937.077 Thread 0x0000023226bc8800 DEOPT PACKING pc=0x000002320c5fa7c4 sp=0x000000b659ffebf0
Event: 3937.077 Thread 0x0000023226bc8800 DEOPT UNPACKING pc=0x000002320b0cbb5e sp=0x000000b659ffe138 mode 1


Dynamic libraries:
0x00007ff636480000 - 0x00007ff63648f000 	C:\Program Files\Java\jdk-11.0.12\bin\java.exe
0x00007ff906870000 - 0x00007ff906a68000 	C:\WINDOWS\SYSTEM32\ntdll.dll
0x00007ff905390000 - 0x00007ff90544f000 	C:\WINDOWS\System32\KERNEL32.DLL
0x00007ff903f70000 - 0x00007ff904242000 	C:\WINDOWS\System32\KERNELBASE.dll
0x00007ff9047c0000 - 0x00007ff9048c0000 	C:\WINDOWS\System32\ucrtbase.dll
0x00007ff8ce9d0000 - 0x00007ff8ce9e5000 	C:\Program Files\Java\jdk-11.0.12\bin\VCRUNTIME140.dll
0x00007ff8ce9b0000 - 0x00007ff8ce9c8000 	C:\Program Files\Java\jdk-11.0.12\bin\jli.dll
0x00007ff906780000 - 0x00007ff90682e000 	C:\WINDOWS\System32\ADVAPI32.dll
0x00007ff905fc0000 - 0x00007ff90605e000 	C:\WINDOWS\System32\msvcrt.dll
0x00007ff9060f0000 - 0x00007ff90618c000 	C:\WINDOWS\System32\sechost.dll
0x00007ff9064f0000 - 0x00007ff906615000 	C:\WINDOWS\System32\RPCRT4.dll
0x00007ff9049b0000 - 0x00007ff904b4d000 	C:\WINDOWS\System32\USER32.dll
0x00007ff904500000 - 0x00007ff904522000 	C:\WINDOWS\System32\win32u.dll
0x00007ff906200000 - 0x00007ff90622b000 	C:\WINDOWS\System32\GDI32.dll
0x00007ff9045c0000 - 0x00007ff9046cf000 	C:\WINDOWS\System32\gdi32full.dll
0x00007ff904720000 - 0x00007ff9047bd000 	C:\WINDOWS\System32\msvcp_win.dll
0x00007ff8e1e00000 - 0x00007ff8e209a000 	C:\WINDOWS\WinSxS\amd64_microsoft.windows.common-controls_6595b64144ccf1df_6.0.19041.1110_none_60b5254171f9507e\COMCTL32.dll
0x00007ff8fbdb0000 - 0x00007ff8fbdba000 	C:\WINDOWS\SYSTEM32\VERSION.dll
0x00007ff9048c0000 - 0x00007ff9048f2000 	C:\WINDOWS\System32\IMM32.DLL
0x00007ff8ce910000 - 0x00007ff8ce9ab000 	C:\Program Files\Java\jdk-11.0.12\bin\msvcp140.dll
0x00007ff89b8e0000 - 0x00007ff89c3df000 	C:\Program Files\Java\jdk-11.0.12\bin\server\jvm.dll
0x00007ff9062f0000 - 0x00007ff9062f8000 	C:\WINDOWS\System32\PSAPI.DLL
0x00007ff8fba80000 - 0x00007ff8fbaa7000 	C:\WINDOWS\SYSTEM32\WINMM.dll
0x00007ff8f67f0000 - 0x00007ff8f67f9000 	C:\WINDOWS\SYSTEM32\WSOCK32.dll
0x00007ff906190000 - 0x00007ff9061fb000 	C:\WINDOWS\System32\WS2_32.dll
0x00007ff901e10000 - 0x00007ff901e22000 	C:\WINDOWS\SYSTEM32\kernel.appcore.dll
0x00007ff8d9f40000 - 0x00007ff8d9f50000 	C:\Program Files\Java\jdk-11.0.12\bin\verify.dll
0x00007ff8f8e80000 - 0x00007ff8f9064000 	C:\WINDOWS\SYSTEM32\DBGHELP.DLL
0x00007ff8f8e30000 - 0x00007ff8f8e5c000 	C:\WINDOWS\SYSTEM32\dbgcore.DLL
0x00007ff904530000 - 0x00007ff9045b2000 	C:\WINDOWS\System32\bcryptPrimitives.dll
0x00007ff8ce8e0000 - 0x00007ff8ce908000 	C:\Program Files\Java\jdk-11.0.12\bin\java.dll
0x00007ff8d9cf0000 - 0x00007ff8d9cfa000 	C:\Program Files\Java\jdk-11.0.12\bin\jimage.dll
0x00007ff8f5e10000 - 0x00007ff8f5e48000 	C:\Program Files\Java\jdk-11.0.12\bin\jdwp.dll
0x00007ff901730000 - 0x00007ff90173e000 	C:\Program Files\Java\jdk-11.0.12\bin\instrument.dll
0x00007ff8ce8c0000 - 0x00007ff8ce8d6000 	C:\Program Files\Java\jdk-11.0.12\bin\zip.dll
0x00007ff904c40000 - 0x00007ff905383000 	C:\WINDOWS\System32\SHELL32.dll
0x00007ff902010000 - 0x00007ff9027a2000 	C:\WINDOWS\SYSTEM32\windows.storage.dll
0x00007ff905610000 - 0x00007ff905964000 	C:\WINDOWS\System32\combase.dll
0x00007ff903810000 - 0x00007ff903840000 	C:\WINDOWS\SYSTEM32\Wldp.dll
0x00007ff905970000 - 0x00007ff905a1d000 	C:\WINDOWS\System32\SHCORE.dll
0x00007ff906490000 - 0x00007ff9064e5000 	C:\WINDOWS\System32\shlwapi.dll
0x00007ff903eb0000 - 0x00007ff903ecf000 	C:\WINDOWS\SYSTEM32\profapi.dll
0x00007ff901720000 - 0x00007ff90172a000 	C:\Program Files\Java\jdk-11.0.12\bin\dt_socket.dll
0x00007ff9035f0000 - 0x00007ff90365a000 	C:\WINDOWS\system32\mswsock.dll
0x00007ff8ce8a0000 - 0x00007ff8ce8b9000 	C:\Program Files\Java\jdk-11.0.12\bin\net.dll
0x00007ff8f8ad0000 - 0x00007ff8f8bdc000 	C:\WINDOWS\SYSTEM32\WINHTTP.dll
0x00007ff8ce880000 - 0x00007ff8ce892000 	C:\Program Files\Java\jdk-11.0.12\bin\nio.dll
0x00007ff9016f0000 - 0x00007ff9016f9000 	C:\Program Files\Java\jdk-11.0.12\bin\management.dll
0x00007ff9016e0000 - 0x00007ff9016eb000 	C:\Program Files\Java\jdk-11.0.12\bin\management_ext.dll
0x00007ff8ec4d0000 - 0x00007ff8ec4e7000 	C:\WINDOWS\system32\napinsp.dll
0x00007ff8ec410000 - 0x00007ff8ec42b000 	C:\WINDOWS\system32\pnrpnsp.dll
0x00007ff8ec3c0000 - 0x00007ff8ec3d5000 	C:\WINDOWS\system32\wshbth.dll
0x00007ff8fe3f0000 - 0x00007ff8fe40d000 	C:\WINDOWS\system32\NLAapi.dll
0x00007ff903300000 - 0x00007ff90333b000 	C:\WINDOWS\SYSTEM32\IPHLPAPI.DLL
0x00007ff903340000 - 0x00007ff90340a000 	C:\WINDOWS\SYSTEM32\DNSAPI.dll
0x00007ff906480000 - 0x00007ff906488000 	C:\WINDOWS\System32\NSI.dll
0x00007ff8ec3a0000 - 0x00007ff8ec3b2000 	C:\WINDOWS\System32\winrnr.dll
0x00007ff8f82c0000 - 0x00007ff8f82ca000 	C:\Windows\System32\rasadhlp.dll
0x00007ff8fbc80000 - 0x00007ff8fbd00000 	C:\WINDOWS\System32\fwpuclnt.dll
0x00007ff904370000 - 0x00007ff904397000 	C:\WINDOWS\System32\bcrypt.dll
0x00007ff903850000 - 0x00007ff903868000 	C:\WINDOWS\SYSTEM32\CRYPTSP.dll
0x00007ff902f30000 - 0x00007ff902f64000 	C:\WINDOWS\system32\rsaenh.dll
0x00007ff903e70000 - 0x00007ff903e9e000 	C:\WINDOWS\SYSTEM32\USERENV.dll
0x00007ff903780000 - 0x00007ff90378c000 	C:\WINDOWS\SYSTEM32\CRYPTBASE.dll
0x00007ff8fdbb0000 - 0x00007ff8fdbc7000 	C:\WINDOWS\SYSTEM32\dhcpcsvc6.DLL
0x00007ff8fdf20000 - 0x00007ff8fdf3d000 	C:\WINDOWS\SYSTEM32\dhcpcsvc.DLL
0x00007ff8f62b0000 - 0x00007ff8f62d5000 	C:\Program Files\Java\jdk-11.0.12\bin\sunec.dll
0x00007ff901670000 - 0x00007ff90167d000 	C:\Program Files\Java\jdk-11.0.12\bin\sunmscapi.dll
0x00007ff9043a0000 - 0x00007ff9044f6000 	C:\WINDOWS\System32\CRYPT32.dll
0x00007ff903960000 - 0x00007ff903987000 	C:\WINDOWS\SYSTEM32\ncrypt.dll
0x00007ff903920000 - 0x00007ff90395b000 	C:\WINDOWS\SYSTEM32\NTASN1.dll

dbghelp: loaded successfully - version: 4.0.5 - missing functions: none
symbol engine: initialized successfully - sym options: 0x614 - pdb path: .;C:\Program Files\Java\jdk-11.0.12\bin;C:\WINDOWS\SYSTEM32;C:\WINDOWS\WinSxS\amd64_microsoft.windows.common-controls_6595b64144ccf1df_6.0.19041.1110_none_60b5254171f9507e;C:\Program Files\Java\jdk-11.0.12\bin\server

VM Arguments:
jvm_args: -agentlib:jdwp=transport=dt_socket,address=127.0.0.1:60694,suspend=y,server=n -javaagent:C:\Users\vmo\AppData\Local\JetBrains\IdeaIC2022.2\captureAgent\debugger-agent.jar -Dfile.encoding=UTF-8 
java_command: com.example.api_translation.ApiTranslationApplication
java_class_path (initial): C:\Users\vmo\tradeline\dictionary\target\classes;C:\Users\vmo\.m2\repository\org\springframework\boot\spring-boot-starter-data-mongodb\2.7.5\spring-boot-starter-data-mongodb-2.7.5.jar;C:\Users\vmo\.m2\repository\org\springframework\boot\spring-boot-starter\2.7.5\spring-boot-starter-2.7.5.jar;C:\Users\vmo\.m2\repository\org\springframework\boot\spring-boot\2.7.5\spring-boot-2.7.5.jar;C:\Users\vmo\.m2\repository\org\springframework\boot\spring-boot-autoconfigure\2.7.5\spring-boot-autoconfigure-2.7.5.jar;C:\Users\vmo\.m2\repository\org\springframework\boot\spring-boot-starter-logging\2.7.5\spring-boot-starter-logging-2.7.5.jar;C:\Users\vmo\.m2\repository\ch\qos\logback\logback-classic\1.2.11\logback-classic-1.2.11.jar;C:\Users\vmo\.m2\repository\ch\qos\logback\logback-core\1.2.11\logback-core-1.2.11.jar;C:\Users\vmo\.m2\repository\org\apache\logging\log4j\log4j-to-slf4j\2.17.2\log4j-to-slf4j-2.17.2.jar;C:\Users\vmo\.m2\repository\org\apache\logging\log4j\log4j-api\2.17.2\log4j-api-2.17.2.jar;C:\Users\vmo\.m2\repository\org\slf4j\jul-to-slf4j\1.7.36\jul-to-slf4j-1.7.36.jar;C:\Users\vmo\.m2\repository\org\yaml\snakeyaml\1.30\snakeyaml-1.30.jar;C:\Users\vmo\.m2\repository\org\mongodb\mongodb-driver-sync\4.6.1\mongodb-driver-sync-4.6.1.jar;C:\Users\vmo\.m2\repository\org\mongodb\bson\4.6.1\bson-4.6.1.jar;C:\Users\vmo\.m2\repository\org\mongodb\mongodb-driver-core\4.6.1\mongodb-driver-core-4.6.1.jar;C:\Users\vmo\.m2\repository\org\mongodb\bson-record-codec\4.6.1\bson-record-codec-4.6.1.jar;C:\Users\vmo\.m2\repository\org\springframework\data\spring-data-mongodb\3.4.5\spring-data-mongodb-3.4.5.jar;C:\Users\vmo\.m2\repository\org\springframework\spring-tx\5.3.23\spring-tx-5.3.23.jar;C:\Users\vmo\.m2\repository\org\springframework\spring-context\5.3.23\spring-context-5.3.23.jar;C:\Users\vmo\.m2\repository\org\springframework\spring-beans\5.3.23\spring-beans-5.3.23.jar;C:\Users\vmo\.m2\repository\org\springframework\spring-expression\5.3.23\spring-e
Launcher Type: SUN_STANDARD

[Global flags]
     intx CICompilerCount                          = 3                                         {product} {ergonomic}
     uint ConcGCThreads                            = 1                                         {product} {ergonomic}
     uint G1ConcRefinementThreads                  = 4                                         {product} {ergonomic}
   size_t G1HeapRegionSize                         = 1048576                                   {product} {ergonomic}
    uintx GCDrainStackTargetSize                   = 64                                        {product} {ergonomic}
   size_t InitialHeapSize                          = 234881024                                 {product} {ergonomic}
   size_t MarkStackSize                            = 4194304                                   {product} {ergonomic}
   size_t MaxHeapSize                              = 3745513472                                {product} {ergonomic}
   size_t MaxNewSize                               = 2247098368                                {product} {ergonomic}
   size_t MinHeapDeltaBytes                        = 1048576                                   {product} {ergonomic}
    uintx NonNMethodCodeHeapSize                   = 5830732                                {pd product} {ergonomic}
    uintx NonProfiledCodeHeapSize                  = 122913754                              {pd product} {ergonomic}
    uintx ProfiledCodeHeapSize                     = 122913754                              {pd product} {ergonomic}
    uintx ReservedCodeCacheSize                    = 251658240                              {pd product} {ergonomic}
     bool SegmentedCodeCache                       = true                                      {product} {ergonomic}
     bool UseCompressedClassPointers               = true                                 {lp64_product} {ergonomic}
     bool UseCompressedOops                        = true                                 {lp64_product} {ergonomic}
     bool UseG1GC                                  = true                                      {product} {ergonomic}
     bool UseLargePagesIndividualAllocation        = false                                  {pd product} {ergonomic}

Logging:
Log output configuration:
 #0: stdout all=warning uptime,level,tags
 #1: stderr all=off uptime,level,tags

Environment Variables:
JAVA_HOME=C:\Program Files\Java\jdk-11.0.12
PATH=C:\Program Files\ab\Apache24\bin;C:\Program Files\Java\jdk-11.0.12\bin;C:\WINDOWS\system32;C:\WINDOWS;C:\WINDOWS\System32\Wbem;C:\WINDOWS\System32\WindowsPowerShell\v1.0\;C:\Program Files\Microsoft SQL Server\Client SDK\ODBC\170\Tools\Binn\;C:\Program Files (x86)\Microsoft SQL Server\150\Tools\Binn\;C:\Program Files\Microsoft SQL Server\150\Tools\Binn\;C:\Program Files\Microsoft SQL Server\150\DTS\Binn\;C:\Program Files (x86)\Microsoft SQL Server\150\DTS\Binn\;C:\Program Files (x86)\Yarn\bin\;C:\Program Files (x86)\sbt\bin;C:\Program Files\Git\cmd;C:\WINDOWS\System32\OpenSSH\;C:\Program Files\Docker\Docker\resources\bin;C:\ProgramData\DockerDesktop\version-bin;C:\Program Files\Geth;C:\Program Files\nodejs\;C:\Program Files\Java\jdk-11.0.12\bin;C:\Users\vmo\AppData\Local\Microsoft\WindowsApps;C:\Program Files\flutter\bin;C:\Users\vmo\AppData\Local\Programs\Microsoft VS Code\bin;C:\Program Files\Java\jdk-11.0.14\bin;C:\Program Files\apache-ant-1.10.7\bin;C:\Program Files\apache-maven-3.6.0\bin;C:\Program Files\solr-8.8.2\bin;C:\Users\vmo\AppData\Local\Yarn\bin;C:\Program Files (x86)\sbt\bin;C:\Users\vmo\AppData\Roaming\npm;C:\Program Files\MongoDB\Server\5.0\bin;
USERNAME=vmo
OS=Windows_NT
PROCESSOR_IDENTIFIER=AMD64 Family 23 Model 24 Stepping 1, AuthenticAMD



---------------  S Y S T E M  ---------------

OS: Windows 10 , 64 bit Build 19041 (10.0.19041.2251)
Hyper-V role detected

CPU:total 4 (initial active 4) (4 cores per cpu, 1 threads per core) family 23 model 24 stepping 1 microcode 0x0, cmov, cx8, fxsr, mmx, sse, sse2, sse3, ssse3, sse4.1, sse4.2, popcnt, avx, avx2, aes, clmul, mmxext, 3dnowpref, lzcnt, sse4a, tsc, tscinvbit, tscinv, bmi1, bmi2, adx, sha, 

Memory: 4k page, system-wide physical 14284M (1607M free)
TotalPageFile size 44732M (AvailPageFile size 6677M)
current process WorkingSet (physical memory assigned to process): 88M, peak: 357M
current process commit charge ("private bytes"): 460M, peak: 495M

vm_info: Java HotSpot(TM) 64-Bit Server VM (11.0.12+8-LTS-237) for windows-amd64 JRE (11.0.12+8-LTS-237), built on Jun  8 2021 11:25:59 by "mach5one" with MS VC++ 15.9 (VS2017)

END.
